2025-03-20T21:49:11.405+08:00  INFO 7212 --- [api] [Test worker] c.t.api.CameraControllerTest             : Starting CameraControllerTest using Java 23.0.2 with PID 7212 (started by Giant in C:\Users\Giant\Desktop\github\school\Term-4-CSD-Team-48\api)
2025-03-20T21:49:11.407+08:00  INFO 7212 --- [api] [Test worker] c.t.api.CameraControllerTest             : No active profile set, falling back to 1 default profile: "default"
2025-03-20T21:49:13.537+08:00  INFO 7212 --- [api] [Test worker] o.s.b.w.embedded.tomcat.TomcatWebServer  : Tomcat initialized with port 0 (http)
2025-03-20T21:49:13.571+08:00  INFO 7212 --- [api] [Test worker] o.apache.catalina.core.StandardService   : Starting service [Tomcat]
2025-03-20T21:49:13.572+08:00  INFO 7212 --- [api] [Test worker] o.apache.catalina.core.StandardEngine    : Starting Servlet engine: [Apache Tomcat/10.1.36]
2025-03-20T21:49:13.719+08:00  INFO 7212 --- [api] [Test worker] o.a.c.c.C.[Tomcat].[localhost].[/]       : Initializing Spring embedded WebApplicationContext
2025-03-20T21:49:13.719+08:00  INFO 7212 --- [api] [Test worker] w.s.c.ServletWebServerApplicationContext : Root WebApplicationContext: initialization completed in 2280 ms
2025-03-20T21:49:14.247+08:00  INFO 7212 --- [api] [cluster-ClusterId{value='67dc1cda011ff568113d36a7', description='Cluster0'}-srv-cluster0.hacfvzo.mongodb.net] org.mongodb.driver.cluster               : Adding discovered server ac-fkstisi-shard-00-01.hacfvzo.mongodb.net:27017 to client view of cluster
2025-03-20T21:49:14.281+08:00  INFO 7212 --- [api] [Test worker] org.mongodb.driver.client                : MongoClient with metadata {"application": {"name": "Cluster0"}, "driver": {"name": "mongo-java-driver|sync", "version": "5.2.1"}, "os": {"type": "Windows", "name": "Windows 11", "architecture": "amd64", "version": "10.0"}, "platform": "Java/Oracle Corporation/23.0.2+7-58"} created with settings MongoClientSettings{readPreference=primary, writeConcern=WriteConcern{w=majority, wTimeout=null ms, journal=null}, retryWrites=true, retryReads=true, readConcern=ReadConcern{level=null}, credential=MongoCredential{mechanism=null, userName='xyfoco', source='admin', password=<hidden>, mechanismProperties=<hidden>}, transportSettings=null, commandListeners=[], codecRegistry=ProvidersCodecRegistry{codecProviders=[ProvidersCodecRegistry{codecProviders=[ValueCodecProvider{}, BsonValueCodecProvider{}, DBRefCodecProvider{}, DBObjectCodecProvider{}, DocumentCodecProvider{}, CollectionCodecProvider{}, IterableCodecProvider{}, MapCodecProvider{}, GeoJsonCodecProvider{}, GridFSFileCodecProvider{}, Jsr310CodecProvider{}, JsonObjectCodecProvider{}, BsonCodecProvider{}, EnumCodecProvider{}, com.mongodb.client.model.mql.ExpressionCodecProvider@44de8e00, com.mongodb.Jep395RecordCodecProvider@3cbfdf5c, com.mongodb.KotlinCodecProvider@4d825dbe]}, ProvidersCodecRegistry{codecProviders=[org.bson.codecs.pojo.PojoCodecProvider@11180750]}]}, loggerSettings=LoggerSettings{maxDocumentLength=1000}, clusterSettings={hosts=[127.0.0.1:27017], srvHost=cluster0.hacfvzo.mongodb.net, srvServiceName=mongodb, mode=MULTIPLE, requiredClusterType=REPLICA_SET, requiredReplicaSetName='atlas-ej8ug8-shard-0', serverSelector='null', clusterListeners='[]', serverSelectionTimeout='30000 ms', localThreshold='15 ms'}, socketSettings=SocketSettings{connectTimeoutMS=10000, readTimeoutMS=0, receiveBufferSize=0, proxySettings=ProxySettings{host=null, port=null, username=null, password=null}}, heartbeatSocketSettings=SocketSettings{connectTimeoutMS=10000, readTimeoutMS=10000, receiveBufferSize=0, proxySettings=ProxySettings{host=null, port=null, username=null, password=null}}, connectionPoolSettings=ConnectionPoolSettings{maxSize=100, minSize=0, maxWaitTimeMS=120000, maxConnectionLifeTimeMS=0, maxConnectionIdleTimeMS=0, maintenanceInitialDelayMS=0, maintenanceFrequencyMS=60000, connectionPoolListeners=[], maxConnecting=2}, serverSettings=ServerSettings{heartbeatFrequencyMS=10000, minHeartbeatFrequencyMS=500, serverMonitoringMode=AUTO, serverListeners='[]', serverMonitorListeners='[]'}, sslSettings=SslSettings{enabled=true, invalidHostNameAllowed=false, context=null}, applicationName='Cluster0', compressorList=[], uuidRepresentation=UNSPECIFIED, serverApi=ServerApi{version=V1, deprecationErrors=null, strict=null}, autoEncryptionSettings=null, dnsClient=null, inetAddressResolver=null, contextProvider=null, timeoutMS=null}
2025-03-20T21:49:14.293+08:00  INFO 7212 --- [api] [cluster-ClusterId{value='67dc1cda011ff568113d36a7', description='Cluster0'}-srv-cluster0.hacfvzo.mongodb.net] org.mongodb.driver.cluster               : Adding discovered server ac-fkstisi-shard-00-00.hacfvzo.mongodb.net:27017 to client view of cluster
2025-03-20T21:49:14.296+08:00  INFO 7212 --- [api] [cluster-ClusterId{value='67dc1cda011ff568113d36a7', description='Cluster0'}-srv-cluster0.hacfvzo.mongodb.net] org.mongodb.driver.cluster               : Adding discovered server ac-fkstisi-shard-00-02.hacfvzo.mongodb.net:27017 to client view of cluster
2025-03-20T21:49:14.337+08:00  INFO 7212 --- [api] [Test worker] org.mongodb.driver.cluster               : Waiting for server to become available for operation with ID 5. Remaining time: 29987 ms. Selector: ReadPreferenceServerSelector{readPreference=primary}, topology description: {type=REPLICA_SET, servers=[{address=ac-fkstisi-shard-00-01.hacfvzo.mongodb.net:27017, type=UNKNOWN, state=CONNECTING}, {address=ac-fkstisi-shard-00-00.hacfvzo.mongodb.net:27017, type=UNKNOWN, state=CONNECTING}, {address=ac-fkstisi-shard-00-02.hacfvzo.mongodb.net:27017, type=UNKNOWN, state=CONNECTING}].
2025-03-20T21:49:15.406+08:00  INFO 7212 --- [api] [cluster-ClusterId{value='67dc1cda011ff568113d36a7', description='Cluster0'}-ac-fkstisi-shard-00-02.hacfvzo.mongodb.net:27017] org.mongodb.driver.cluster               : Monitor thread successfully connected to server with description ServerDescription{address=ac-fkstisi-shard-00-02.hacfvzo.mongodb.net:27017, type=REPLICA_SET_PRIMARY, cryptd=false, state=CONNECTED, ok=true, minWireVersion=0, maxWireVersion=25, maxDocumentSize=16777216, logicalSessionTimeoutMinutes=30, roundTripTimeNanos=643586300, minRoundTripTimeNanos=0, setName='atlas-ej8ug8-shard-0', canonicalAddress=ac-fkstisi-shard-00-02.hacfvzo.mongodb.net:27017, hosts=[ac-fkstisi-shard-00-02.hacfvzo.mongodb.net:27017, ac-fkstisi-shard-00-01.hacfvzo.mongodb.net:27017, ac-fkstisi-shard-00-00.hacfvzo.mongodb.net:27017], passives=[], arbiters=[], primary='ac-fkstisi-shard-00-02.hacfvzo.mongodb.net:27017', tagSet=TagSet{[Tag{name='availabilityZone', value='apse1-az3'}, Tag{name='diskState', value='READY'}, Tag{name='nodeType', value='ELECTABLE'}, Tag{name='provider', value='AWS'}, Tag{name='region', value='AP_SOUTHEAST_1'}, Tag{name='workloadType', value='OPERATIONAL'}]}, electionId=7fffffff0000000000000035, setVersion=31, topologyVersion=TopologyVersion{processId=67d3438752f4b25e9ad799de, counter=6}, lastWriteDate=Thu Mar 20 21:49:12 GMT+08:00 2025, lastUpdateTimeNanos=471113782330000}
2025-03-20T21:49:15.406+08:00  INFO 7212 --- [api] [cluster-ClusterId{value='67dc1cda011ff568113d36a7', description='Cluster0'}-ac-fkstisi-shard-00-00.hacfvzo.mongodb.net:27017] org.mongodb.driver.cluster               : Monitor thread successfully connected to server with description ServerDescription{address=ac-fkstisi-shard-00-00.hacfvzo.mongodb.net:27017, type=REPLICA_SET_SECONDARY, cryptd=false, state=CONNECTED, ok=true, minWireVersion=0, maxWireVersion=25, maxDocumentSize=16777216, logicalSessionTimeoutMinutes=30, roundTripTimeNanos=643587000, minRoundTripTimeNanos=0, setName='atlas-ej8ug8-shard-0', canonicalAddress=ac-fkstisi-shard-00-00.hacfvzo.mongodb.net:27017, hosts=[ac-fkstisi-shard-00-02.hacfvzo.mongodb.net:27017, ac-fkstisi-shard-00-01.hacfvzo.mongodb.net:27017, ac-fkstisi-shard-00-00.hacfvzo.mongodb.net:27017], passives=[], arbiters=[], primary='ac-fkstisi-shard-00-02.hacfvzo.mongodb.net:27017', tagSet=TagSet{[Tag{name='availabilityZone', value='apse1-az2'}, Tag{name='diskState', value='READY'}, Tag{name='nodeType', value='ELECTABLE'}, Tag{name='provider', value='AWS'}, Tag{name='region', value='AP_SOUTHEAST_1'}, Tag{name='workloadType', value='OPERATIONAL'}]}, electionId=null, setVersion=31, topologyVersion=TopologyVersion{processId=67d88443c78a3cb9b4a833ae, counter=4}, lastWriteDate=Thu Mar 20 21:49:12 GMT+08:00 2025, lastUpdateTimeNanos=471113782330100}
2025-03-20T21:49:15.406+08:00  INFO 7212 --- [api] [cluster-ClusterId{value='67dc1cda011ff568113d36a7', description='Cluster0'}-ac-fkstisi-shard-00-01.hacfvzo.mongodb.net:27017] org.mongodb.driver.cluster               : Monitor thread successfully connected to server with description ServerDescription{address=ac-fkstisi-shard-00-01.hacfvzo.mongodb.net:27017, type=REPLICA_SET_SECONDARY, cryptd=false, state=CONNECTED, ok=true, minWireVersion=0, maxWireVersion=25, maxDocumentSize=16777216, logicalSessionTimeoutMinutes=30, roundTripTimeNanos=633315700, minRoundTripTimeNanos=0, setName='atlas-ej8ug8-shard-0', canonicalAddress=ac-fkstisi-shard-00-01.hacfvzo.mongodb.net:27017, hosts=[ac-fkstisi-shard-00-02.hacfvzo.mongodb.net:27017, ac-fkstisi-shard-00-01.hacfvzo.mongodb.net:27017, ac-fkstisi-shard-00-00.hacfvzo.mongodb.net:27017], passives=[], arbiters=[], primary='ac-fkstisi-shard-00-02.hacfvzo.mongodb.net:27017', tagSet=TagSet{[Tag{name='availabilityZone', value='apse1-az1'}, Tag{name='diskState', value='READY'}, Tag{name='nodeType', value='ELECTABLE'}, Tag{name='provider', value='AWS'}, Tag{name='region', value='AP_SOUTHEAST_1'}, Tag{name='workloadType', value='OPERATIONAL'}]}, electionId=null, setVersion=31, topologyVersion=TopologyVersion{processId=67db28e0c5dc6db0b9a19d31, counter=3}, lastWriteDate=Thu Mar 20 21:49:12 GMT+08:00 2025, lastUpdateTimeNanos=471113782330000}
2025-03-20T21:49:15.410+08:00  INFO 7212 --- [api] [cluster-ClusterId{value='67dc1cda011ff568113d36a7', description='Cluster0'}-ac-fkstisi-shard-00-02.hacfvzo.mongodb.net:27017] org.mongodb.driver.cluster               : Discovered replica set primary ac-fkstisi-shard-00-02.hacfvzo.mongodb.net:27017 with max election id 7fffffff0000000000000035 and max set version 31
2025-03-20T21:49:16.611+08:00  INFO 7212 --- [api] [Test worker] c.t.api.MongoClientConnection            : Pinged your deployment. You successfully connected to MongoDB!
2025-03-20T21:49:17.517+08:00  INFO 7212 --- [api] [Test worker] o.s.b.a.e.web.EndpointLinksResolver      : Exposing 1 endpoint beneath base path '/actuator'
2025-03-20T21:49:18.498+08:00  INFO 7212 --- [api] [Test worker] org.mongodb.driver.client                : MongoClient with metadata {"driver": {"name": "mongo-java-driver|sync|spring-boot", "version": "5.2.1"}, "os": {"type": "Windows", "name": "Windows 11", "architecture": "amd64", "version": "10.0"}, "platform": "Java/Oracle Corporation/23.0.2+7-58"} created with settings MongoClientSettings{readPreference=primary, writeConcern=WriteConcern{w=null, wTimeout=null ms, journal=null}, retryWrites=true, retryReads=true, readConcern=ReadConcern{level=null}, credential=null, transportSettings=null, commandListeners=[io.micrometer.core.instrument.binder.mongodb.MongoMetricsCommandListener@126f2eb8], codecRegistry=ProvidersCodecRegistry{codecProviders=[ValueCodecProvider{}, BsonValueCodecProvider{}, DBRefCodecProvider{}, DBObjectCodecProvider{}, DocumentCodecProvider{}, CollectionCodecProvider{}, IterableCodecProvider{}, MapCodecProvider{}, GeoJsonCodecProvider{}, GridFSFileCodecProvider{}, Jsr310CodecProvider{}, JsonObjectCodecProvider{}, BsonCodecProvider{}, EnumCodecProvider{}, com.mongodb.client.model.mql.ExpressionCodecProvider@44de8e00, com.mongodb.Jep395RecordCodecProvider@3cbfdf5c, com.mongodb.KotlinCodecProvider@4d825dbe]}, loggerSettings=LoggerSettings{maxDocumentLength=1000}, clusterSettings={hosts=[localhost:27017], srvServiceName=mongodb, mode=SINGLE, requiredClusterType=UNKNOWN, requiredReplicaSetName='null', serverSelector='null', clusterListeners='[]', serverSelectionTimeout='30000 ms', localThreshold='15 ms'}, socketSettings=SocketSettings{connectTimeoutMS=10000, readTimeoutMS=0, receiveBufferSize=0, proxySettings=ProxySettings{host=null, port=null, username=null, password=null}}, heartbeatSocketSettings=SocketSettings{connectTimeoutMS=10000, readTimeoutMS=10000, receiveBufferSize=0, proxySettings=ProxySettings{host=null, port=null, username=null, password=null}}, connectionPoolSettings=ConnectionPoolSettings{maxSize=100, minSize=0, maxWaitTimeMS=120000, maxConnectionLifeTimeMS=0, maxConnectionIdleTimeMS=0, maintenanceInitialDelayMS=0, maintenanceFrequencyMS=60000, connectionPoolListeners=[io.micrometer.core.instrument.binder.mongodb.MongoMetricsConnectionPoolListener@67823972], maxConnecting=2}, serverSettings=ServerSettings{heartbeatFrequencyMS=10000, minHeartbeatFrequencyMS=500, serverMonitoringMode=AUTO, serverListeners='[]', serverMonitorListeners='[]'}, sslSettings=SslSettings{enabled=false, invalidHostNameAllowed=false, context=null}, applicationName='null', compressorList=[], uuidRepresentation=JAVA_LEGACY, serverApi=null, autoEncryptionSettings=null, dnsClient=null, inetAddressResolver=null, contextProvider=null, timeoutMS=null}
2025-03-20T21:49:18.521+08:00  INFO 7212 --- [api] [cluster-ClusterId{value='67dc1cde011ff568113d36a9', description='null'}-localhost:27017] org.mongodb.driver.cluster               : Exception in monitor thread while connecting to server localhost:27017

com.mongodb.MongoSocketOpenException: Exception opening socket
	at com.mongodb.internal.connection.SocketStream.lambda$open$0(SocketStream.java:85) ~[mongodb-driver-core-5.2.1.jar:na]
	at java.base/java.util.Optional.orElseThrow(Optional.java:403) ~[na:na]
	at com.mongodb.internal.connection.SocketStream.open(SocketStream.java:85) ~[mongodb-driver-core-5.2.1.jar:na]
	at com.mongodb.internal.connection.InternalStreamConnection.open(InternalStreamConnection.java:233) ~[mongodb-driver-core-5.2.1.jar:na]
	at com.mongodb.internal.connection.DefaultServerMonitor$ServerMonitor.lookupServerDescription(DefaultServerMonitor.java:219) ~[mongodb-driver-core-5.2.1.jar:na]
	at com.mongodb.internal.connection.DefaultServerMonitor$ServerMonitor.run(DefaultServerMonitor.java:176) ~[mongodb-driver-core-5.2.1.jar:na]
Caused by: java.net.ConnectException: Connection refused: getsockopt
	at java.base/sun.nio.ch.Net.pollConnect(Native Method) ~[na:na]
	at java.base/sun.nio.ch.Net.pollConnectNow(Net.java:682) ~[na:na]
	at java.base/sun.nio.ch.NioSocketImpl.timedFinishConnect(NioSocketImpl.java:542) ~[na:na]
	at java.base/sun.nio.ch.NioSocketImpl.connect(NioSocketImpl.java:592) ~[na:na]
	at java.base/java.net.SocksSocketImpl.connect(SocksSocketImpl.java:327) ~[na:na]
	at java.base/java.net.Socket.connect(Socket.java:760) ~[na:na]
	at com.mongodb.internal.connection.SocketStreamHelper.initialize(SocketStreamHelper.java:76) ~[mongodb-driver-core-5.2.1.jar:na]
	at com.mongodb.internal.connection.SocketStream.initializeSocket(SocketStream.java:104) ~[mongodb-driver-core-5.2.1.jar:na]
	at com.mongodb.internal.connection.SocketStream.open(SocketStream.java:79) ~[mongodb-driver-core-5.2.1.jar:na]
	... 3 common frames omitted

2025-03-20T21:49:18.761+08:00  INFO 7212 --- [api] [Test worker] o.s.b.w.embedded.tomcat.TomcatWebServer  : Tomcat started on port 63071 (http) with context path '/'
2025-03-20T21:49:18.776+08:00  INFO 7212 --- [api] [Test worker] c.t.api.CameraControllerTest             : Started CameraControllerTest in 7.998 seconds (process running for 10.026)
2025-03-20T21:49:18.899+08:00  INFO 7212 --- [api] [Test worker] c.term_4_csd__50_001.api.ApiApplication  : Let's inspect the beans provided by Spring Boot:
2025-03-20T21:49:18.900+08:00  INFO 7212 --- [api] [Test worker] c.term_4_csd__50_001.api.ApiApplication  : SFC filters
2025-03-20T21:49:18.918+08:00  INFO 7212 --- [api] [Test worker] c.term_4_csd__50_001.api.ApiApplication  : Filter: org.springframework.security.web.session.DisableEncodeUrlFilter
2025-03-20T21:49:18.919+08:00  INFO 7212 --- [api] [Test worker] c.term_4_csd__50_001.api.ApiApplication  : Filter: org.springframework.security.web.session.ForceEagerSessionCreationFilter
2025-03-20T21:49:18.919+08:00  INFO 7212 --- [api] [Test worker] c.term_4_csd__50_001.api.ApiApplication  : Filter: org.springframework.security.web.context.request.async.WebAsyncManagerIntegrationFilter
2025-03-20T21:49:18.919+08:00  INFO 7212 --- [api] [Test worker] c.term_4_csd__50_001.api.ApiApplication  : Filter: org.springframework.security.web.context.SecurityContextHolderFilter
2025-03-20T21:49:18.919+08:00  INFO 7212 --- [api] [Test worker] c.term_4_csd__50_001.api.ApiApplication  : Filter: org.springframework.security.web.header.HeaderWriterFilter
2025-03-20T21:49:18.919+08:00  INFO 7212 --- [api] [Test worker] c.term_4_csd__50_001.api.ApiApplication  : Filter: org.springframework.security.web.authentication.logout.LogoutFilter
2025-03-20T21:49:18.919+08:00  INFO 7212 --- [api] [Test worker] c.term_4_csd__50_001.api.ApiApplication  : Filter: org.springframework.security.web.authentication.UsernamePasswordAuthenticationFilter
2025-03-20T21:49:18.920+08:00  INFO 7212 --- [api] [Test worker] c.term_4_csd__50_001.api.ApiApplication  : Filter: org.springframework.security.web.session.ConcurrentSessionFilter
2025-03-20T21:49:18.920+08:00  INFO 7212 --- [api] [Test worker] c.term_4_csd__50_001.api.ApiApplication  : Filter: org.springframework.security.web.savedrequest.RequestCacheAwareFilter
2025-03-20T21:49:18.920+08:00  INFO 7212 --- [api] [Test worker] c.term_4_csd__50_001.api.ApiApplication  : Filter: org.springframework.security.web.servletapi.SecurityContextHolderAwareRequestFilter
2025-03-20T21:49:18.920+08:00  INFO 7212 --- [api] [Test worker] c.term_4_csd__50_001.api.ApiApplication  : Filter: org.springframework.security.web.authentication.AnonymousAuthenticationFilter
2025-03-20T21:49:18.920+08:00  INFO 7212 --- [api] [Test worker] c.term_4_csd__50_001.api.ApiApplication  : Filter: org.springframework.security.web.session.SessionManagementFilter
2025-03-20T21:49:18.921+08:00  INFO 7212 --- [api] [Test worker] c.term_4_csd__50_001.api.ApiApplication  : Filter: org.springframework.security.web.access.ExceptionTranslationFilter
2025-03-20T21:49:18.921+08:00  INFO 7212 --- [api] [Test worker] c.term_4_csd__50_001.api.ApiApplication  : Filter: org.springframework.security.web.access.intercept.AuthorizationFilter
2025-03-20T21:49:20.606+08:00  INFO 7212 --- [api] [http-nio-auto-1-exec-1] o.a.c.c.C.[Tomcat].[localhost].[/]       : Initializing Spring DispatcherServlet 'dispatcherServlet'
2025-03-20T21:49:20.607+08:00  INFO 7212 --- [api] [http-nio-auto-1-exec-1] o.s.web.servlet.DispatcherServlet        : Initializing Servlet 'dispatcherServlet'
2025-03-20T21:49:20.608+08:00  INFO 7212 --- [api] [http-nio-auto-1-exec-1] o.s.web.servlet.DispatcherServlet        : Completed initialization in 1 ms
2025-03-20T21:49:20.765+08:00 ERROR 7212 --- [api] [http-nio-auto-1-exec-2] o.a.c.c.C.[.[.[/].[dispatcherServlet]    : Servlet.service() for servlet [dispatcherServlet] in context with path [] threw exception [Request processing failed: java.lang.IllegalArgumentException: Last unit does not have enough valid bits] with root cause

java.lang.IllegalArgumentException: Last unit does not have enough valid bits
	at java.base/java.util.Base64$Decoder.decode0(Base64.java:872) ~[na:na]
	at java.base/java.util.Base64$Decoder.decode(Base64.java:570) ~[na:na]
	at java.base/java.util.Base64$Decoder.decode(Base64.java:593) ~[na:na]
	at com.term_4_csd__50_001.api.controllers.CameraController.register(CameraController.java:41) ~[main/:na]
	at java.base/jdk.internal.reflect.DirectMethodHandleAccessor.invoke(DirectMethodHandleAccessor.java:103) ~[na:na]
	at java.base/java.lang.reflect.Method.invoke(Method.java:580) ~[na:na]
	at org.springframework.web.method.support.InvocableHandlerMethod.doInvoke(InvocableHandlerMethod.java:257) ~[spring-web-6.2.3.jar:6.2.3]
	at org.springframework.web.method.support.InvocableHandlerMethod.invokeForRequest(InvocableHandlerMethod.java:190) ~[spring-web-6.2.3.jar:6.2.3]
	at org.springframework.web.servlet.mvc.method.annotation.ServletInvocableHandlerMethod.invokeAndHandle(ServletInvocableHandlerMethod.java:118) ~[spring-webmvc-6.2.3.jar:6.2.3]
	at org.springframework.web.servlet.mvc.method.annotation.RequestMappingHandlerAdapter.invokeHandlerMethod(RequestMappingHandlerAdapter.java:986) ~[spring-webmvc-6.2.3.jar:6.2.3]
	at org.springframework.web.servlet.mvc.method.annotation.RequestMappingHandlerAdapter.handleInternal(RequestMappingHandlerAdapter.java:891) ~[spring-webmvc-6.2.3.jar:6.2.3]
	at org.springframework.web.servlet.mvc.method.AbstractHandlerMethodAdapter.handle(AbstractHandlerMethodAdapter.java:87) ~[spring-webmvc-6.2.3.jar:6.2.3]
	at org.springframework.web.servlet.DispatcherServlet.doDispatch(DispatcherServlet.java:1088) ~[spring-webmvc-6.2.3.jar:6.2.3]
	at org.springframework.web.servlet.DispatcherServlet.doService(DispatcherServlet.java:978) ~[spring-webmvc-6.2.3.jar:6.2.3]
	at org.springframework.web.servlet.FrameworkServlet.processRequest(FrameworkServlet.java:1014) ~[spring-webmvc-6.2.3.jar:6.2.3]
	at org.springframework.web.servlet.FrameworkServlet.doPost(FrameworkServlet.java:914) ~[spring-webmvc-6.2.3.jar:6.2.3]
	at jakarta.servlet.http.HttpServlet.service(HttpServlet.java:590) ~[tomcat-embed-core-10.1.36.jar:6.0]
	at org.springframework.web.servlet.FrameworkServlet.service(FrameworkServlet.java:885) ~[spring-webmvc-6.2.3.jar:6.2.3]
	at jakarta.servlet.http.HttpServlet.service(HttpServlet.java:658) ~[tomcat-embed-core-10.1.36.jar:6.0]
	at org.apache.catalina.core.ApplicationFilterChain.internalDoFilter(ApplicationFilterChain.java:195) ~[tomcat-embed-core-10.1.36.jar:10.1.36]
	at org.apache.catalina.core.ApplicationFilterChain.doFilter(ApplicationFilterChain.java:140) ~[tomcat-embed-core-10.1.36.jar:10.1.36]
	at org.apache.tomcat.websocket.server.WsFilter.doFilter(WsFilter.java:51) ~[tomcat-embed-websocket-10.1.36.jar:10.1.36]
	at org.apache.catalina.core.ApplicationFilterChain.internalDoFilter(ApplicationFilterChain.java:164) ~[tomcat-embed-core-10.1.36.jar:10.1.36]
	at org.apache.catalina.core.ApplicationFilterChain.doFilter(ApplicationFilterChain.java:140) ~[tomcat-embed-core-10.1.36.jar:10.1.36]
	at org.springframework.web.filter.CompositeFilter$VirtualFilterChain.doFilter(CompositeFilter.java:108) ~[spring-web-6.2.3.jar:6.2.3]
	at org.springframework.security.web.FilterChainProxy.lambda$doFilterInternal$3(FilterChainProxy.java:231) ~[spring-security-web-6.4.3.jar:6.4.3]
	at org.springframework.security.web.ObservationFilterChainDecorator$FilterObservation$SimpleFilterObservation.lambda$wrap$1(ObservationFilterChainDecorator.java:479) ~[spring-security-web-6.4.3.jar:6.4.3]
	at org.springframework.security.web.ObservationFilterChainDecorator$AroundFilterObservation$SimpleAroundFilterObservation.lambda$wrap$1(ObservationFilterChainDecorator.java:340) ~[spring-security-web-6.4.3.jar:6.4.3]
	at org.springframework.security.web.ObservationFilterChainDecorator.lambda$wrapSecured$0(ObservationFilterChainDecorator.java:82) ~[spring-security-web-6.4.3.jar:6.4.3]
	at org.springframework.security.web.ObservationFilterChainDecorator$VirtualFilterChain.doFilter(ObservationFilterChainDecorator.java:128) ~[spring-security-web-6.4.3.jar:6.4.3]
	at org.springframework.security.web.access.intercept.AuthorizationFilter.doFilter(AuthorizationFilter.java:101) ~[spring-security-web-6.4.3.jar:6.4.3]
	at org.springframework.security.web.ObservationFilterChainDecorator$ObservationFilter.wrapFilter(ObservationFilterChainDecorator.java:240) ~[spring-security-web-6.4.3.jar:6.4.3]
	at org.springframework.security.web.ObservationFilterChainDecorator$ObservationFilter.doFilter(ObservationFilterChainDecorator.java:227) ~[spring-security-web-6.4.3.jar:6.4.3]
	at org.springframework.security.web.ObservationFilterChainDecorator$VirtualFilterChain.doFilter(ObservationFilterChainDecorator.java:137) ~[spring-security-web-6.4.3.jar:6.4.3]
	at org.springframework.security.web.access.ExceptionTranslationFilter.doFilter(ExceptionTranslationFilter.java:126) ~[spring-security-web-6.4.3.jar:6.4.3]
	at org.springframework.security.web.access.ExceptionTranslationFilter.doFilter(ExceptionTranslationFilter.java:120) ~[spring-security-web-6.4.3.jar:6.4.3]
	at org.springframework.security.web.ObservationFilterChainDecorator$ObservationFilter.wrapFilter(ObservationFilterChainDecorator.java:240) ~[spring-security-web-6.4.3.jar:6.4.3]
	at org.springframework.security.web.ObservationFilterChainDecorator$ObservationFilter.doFilter(ObservationFilterChainDecorator.java:227) ~[spring-security-web-6.4.3.jar:6.4.3]
	at org.springframework.security.web.ObservationFilterChainDecorator$VirtualFilterChain.doFilter(ObservationFilterChainDecorator.java:137) ~[spring-security-web-6.4.3.jar:6.4.3]
	at org.springframework.security.web.session.SessionManagementFilter.doFilter(SessionManagementFilter.java:131) ~[spring-security-web-6.4.3.jar:6.4.3]
	at org.springframework.security.web.session.SessionManagementFilter.doFilter(SessionManagementFilter.java:85) ~[spring-security-web-6.4.3.jar:6.4.3]
	at org.springframework.security.web.ObservationFilterChainDecorator$ObservationFilter.wrapFilter(ObservationFilterChainDecorator.java:240) ~[spring-security-web-6.4.3.jar:6.4.3]
	at org.springframework.security.web.ObservationFilterChainDecorator$ObservationFilter.doFilter(ObservationFilterChainDecorator.java:227) ~[spring-security-web-6.4.3.jar:6.4.3]
	at org.springframework.security.web.ObservationFilterChainDecorator$VirtualFilterChain.doFilter(ObservationFilterChainDecorator.java:137) ~[spring-security-web-6.4.3.jar:6.4.3]
	at org.springframework.security.web.authentication.AnonymousAuthenticationFilter.doFilter(AnonymousAuthenticationFilter.java:100) ~[spring-security-web-6.4.3.jar:6.4.3]
	at org.springframework.security.web.ObservationFilterChainDecorator$ObservationFilter.wrapFilter(ObservationFilterChainDecorator.java:240) ~[spring-security-web-6.4.3.jar:6.4.3]
	at org.springframework.security.web.ObservationFilterChainDecorator$ObservationFilter.doFilter(ObservationFilterChainDecorator.java:227) ~[spring-security-web-6.4.3.jar:6.4.3]
	at org.springframework.security.web.ObservationFilterChainDecorator$VirtualFilterChain.doFilter(ObservationFilterChainDecorator.java:137) ~[spring-security-web-6.4.3.jar:6.4.3]
	at org.springframework.security.web.servletapi.SecurityContextHolderAwareRequestFilter.doFilter(SecurityContextHolderAwareRequestFilter.java:179) ~[spring-security-web-6.4.3.jar:6.4.3]
	at org.springframework.security.web.ObservationFilterChainDecorator$ObservationFilter.wrapFilter(ObservationFilterChainDecorator.java:240) ~[spring-security-web-6.4.3.jar:6.4.3]
	at org.springframework.security.web.ObservationFilterChainDecorator$ObservationFilter.doFilter(ObservationFilterChainDecorator.java:227) ~[spring-security-web-6.4.3.jar:6.4.3]
	at org.springframework.security.web.ObservationFilterChainDecorator$VirtualFilterChain.doFilter(ObservationFilterChainDecorator.java:137) ~[spring-security-web-6.4.3.jar:6.4.3]
	at org.springframework.security.web.savedrequest.RequestCacheAwareFilter.doFilter(RequestCacheAwareFilter.java:63) ~[spring-security-web-6.4.3.jar:6.4.3]
	at org.springframework.security.web.ObservationFilterChainDecorator$ObservationFilter.wrapFilter(ObservationFilterChainDecorator.java:240) ~[spring-security-web-6.4.3.jar:6.4.3]
	at org.springframework.security.web.ObservationFilterChainDecorator$ObservationFilter.doFilter(ObservationFilterChainDecorator.java:227) ~[spring-security-web-6.4.3.jar:6.4.3]
	at org.springframework.security.web.ObservationFilterChainDecorator$VirtualFilterChain.doFilter(ObservationFilterChainDecorator.java:137) ~[spring-security-web-6.4.3.jar:6.4.3]
	at org.springframework.security.web.session.ConcurrentSessionFilter.doFilter(ConcurrentSessionFilter.java:151) ~[spring-security-web-6.4.3.jar:6.4.3]
	at org.springframework.security.web.session.ConcurrentSessionFilter.doFilter(ConcurrentSessionFilter.java:129) ~[spring-security-web-6.4.3.jar:6.4.3]
	at org.springframework.security.web.ObservationFilterChainDecorator$ObservationFilter.wrapFilter(ObservationFilterChainDecorator.java:240) ~[spring-security-web-6.4.3.jar:6.4.3]
	at org.springframework.security.web.ObservationFilterChainDecorator$ObservationFilter.doFilter(ObservationFilterChainDecorator.java:227) ~[spring-security-web-6.4.3.jar:6.4.3]
	at org.springframework.security.web.ObservationFilterChainDecorator$VirtualFilterChain.doFilter(ObservationFilterChainDecorator.java:137) ~[spring-security-web-6.4.3.jar:6.4.3]
	at org.springframework.security.web.authentication.AbstractAuthenticationProcessingFilter.doFilter(AbstractAuthenticationProcessingFilter.java:227) ~[spring-security-web-6.4.3.jar:6.4.3]
	at org.springframework.security.web.authentication.AbstractAuthenticationProcessingFilter.doFilter(AbstractAuthenticationProcessingFilter.java:221) ~[spring-security-web-6.4.3.jar:6.4.3]
	at org.springframework.security.web.ObservationFilterChainDecorator$ObservationFilter.wrapFilter(ObservationFilterChainDecorator.java:240) ~[spring-security-web-6.4.3.jar:6.4.3]
	at org.springframework.security.web.ObservationFilterChainDecorator$ObservationFilter.doFilter(ObservationFilterChainDecorator.java:227) ~[spring-security-web-6.4.3.jar:6.4.3]
	at org.springframework.security.web.ObservationFilterChainDecorator$VirtualFilterChain.doFilter(ObservationFilterChainDecorator.java:137) ~[spring-security-web-6.4.3.jar:6.4.3]
	at org.springframework.security.web.authentication.logout.LogoutFilter.doFilter(LogoutFilter.java:107) ~[spring-security-web-6.4.3.jar:6.4.3]
	at org.springframework.security.web.authentication.logout.LogoutFilter.doFilter(LogoutFilter.java:93) ~[spring-security-web-6.4.3.jar:6.4.3]
	at org.springframework.security.web.ObservationFilterChainDecorator$ObservationFilter.wrapFilter(ObservationFilterChainDecorator.java:240) ~[spring-security-web-6.4.3.jar:6.4.3]
	at org.springframework.security.web.ObservationFilterChainDecorator$ObservationFilter.doFilter(ObservationFilterChainDecorator.java:227) ~[spring-security-web-6.4.3.jar:6.4.3]
	at org.springframework.security.web.ObservationFilterChainDecorator$VirtualFilterChain.doFilter(ObservationFilterChainDecorator.java:137) ~[spring-security-web-6.4.3.jar:6.4.3]
	at org.springframework.security.web.header.HeaderWriterFilter.doHeadersAfter(HeaderWriterFilter.java:90) ~[spring-security-web-6.4.3.jar:6.4.3]
	at org.springframework.security.web.header.HeaderWriterFilter.doFilterInternal(HeaderWriterFilter.java:75) ~[spring-security-web-6.4.3.jar:6.4.3]
	at org.springframework.web.filter.OncePerRequestFilter.doFilter(OncePerRequestFilter.java:116) ~[spring-web-6.2.3.jar:6.2.3]
	at org.springframework.security.web.ObservationFilterChainDecorator$ObservationFilter.wrapFilter(ObservationFilterChainDecorator.java:240) ~[spring-security-web-6.4.3.jar:6.4.3]
	at org.springframework.security.web.ObservationFilterChainDecorator$ObservationFilter.doFilter(ObservationFilterChainDecorator.java:227) ~[spring-security-web-6.4.3.jar:6.4.3]
	at org.springframework.security.web.ObservationFilterChainDecorator$VirtualFilterChain.doFilter(ObservationFilterChainDecorator.java:137) ~[spring-security-web-6.4.3.jar:6.4.3]
	at org.springframework.security.web.context.SecurityContextHolderFilter.doFilter(SecurityContextHolderFilter.java:82) ~[spring-security-web-6.4.3.jar:6.4.3]
	at org.springframework.security.web.context.SecurityContextHolderFilter.doFilter(SecurityContextHolderFilter.java:69) ~[spring-security-web-6.4.3.jar:6.4.3]
	at org.springframework.security.web.ObservationFilterChainDecorator$ObservationFilter.wrapFilter(ObservationFilterChainDecorator.java:240) ~[spring-security-web-6.4.3.jar:6.4.3]
	at org.springframework.security.web.ObservationFilterChainDecorator$ObservationFilter.doFilter(ObservationFilterChainDecorator.java:227) ~[spring-security-web-6.4.3.jar:6.4.3]
	at org.springframework.security.web.ObservationFilterChainDecorator$VirtualFilterChain.doFilter(ObservationFilterChainDecorator.java:137) ~[spring-security-web-6.4.3.jar:6.4.3]
	at org.springframework.security.web.context.request.async.WebAsyncManagerIntegrationFilter.doFilterInternal(WebAsyncManagerIntegrationFilter.java:62) ~[spring-security-web-6.4.3.jar:6.4.3]
	at org.springframework.web.filter.OncePerRequestFilter.doFilter(OncePerRequestFilter.java:116) ~[spring-web-6.2.3.jar:6.2.3]
	at org.springframework.security.web.ObservationFilterChainDecorator$ObservationFilter.wrapFilter(ObservationFilterChainDecorator.java:240) ~[spring-security-web-6.4.3.jar:6.4.3]
	at org.springframework.security.web.ObservationFilterChainDecorator$ObservationFilter.doFilter(ObservationFilterChainDecorator.java:227) ~[spring-security-web-6.4.3.jar:6.4.3]
	at org.springframework.security.web.ObservationFilterChainDecorator$VirtualFilterChain.doFilter(ObservationFilterChainDecorator.java:137) ~[spring-security-web-6.4.3.jar:6.4.3]
	at org.springframework.security.web.session.ForceEagerSessionCreationFilter.doFilterInternal(ForceEagerSessionCreationFilter.java:45) ~[spring-security-web-6.4.3.jar:6.4.3]
	at org.springframework.web.filter.OncePerRequestFilter.doFilter(OncePerRequestFilter.java:116) ~[spring-web-6.2.3.jar:6.2.3]
	at org.springframework.security.web.ObservationFilterChainDecorator$ObservationFilter.wrapFilter(ObservationFilterChainDecorator.java:240) ~[spring-security-web-6.4.3.jar:6.4.3]
	at org.springframework.security.web.ObservationFilterChainDecorator$ObservationFilter.doFilter(ObservationFilterChainDecorator.java:227) ~[spring-security-web-6.4.3.jar:6.4.3]
	at org.springframework.security.web.ObservationFilterChainDecorator$VirtualFilterChain.doFilter(ObservationFilterChainDecorator.java:137) ~[spring-security-web-6.4.3.jar:6.4.3]
	at org.springframework.security.web.session.DisableEncodeUrlFilter.doFilterInternal(DisableEncodeUrlFilter.java:42) ~[spring-security-web-6.4.3.jar:6.4.3]
	at org.springframework.web.filter.OncePerRequestFilter.doFilter(OncePerRequestFilter.java:116) ~[spring-web-6.2.3.jar:6.2.3]
	at org.springframework.security.web.ObservationFilterChainDecorator$ObservationFilter.wrapFilter(ObservationFilterChainDecorator.java:240) ~[spring-security-web-6.4.3.jar:6.4.3]
	at org.springframework.security.web.ObservationFilterChainDecorator$AroundFilterObservation$SimpleAroundFilterObservation.lambda$wrap$0(ObservationFilterChainDecorator.java:323) ~[spring-security-web-6.4.3.jar:6.4.3]
	at org.springframework.security.web.ObservationFilterChainDecorator$ObservationFilter.doFilter(ObservationFilterChainDecorator.java:224) ~[spring-security-web-6.4.3.jar:6.4.3]
	at org.springframework.security.web.ObservationFilterChainDecorator$VirtualFilterChain.doFilter(ObservationFilterChainDecorator.java:137) ~[spring-security-web-6.4.3.jar:6.4.3]
	at org.springframework.security.web.FilterChainProxy.doFilterInternal(FilterChainProxy.java:233) ~[spring-security-web-6.4.3.jar:6.4.3]
	at org.springframework.security.web.FilterChainProxy.doFilter(FilterChainProxy.java:191) ~[spring-security-web-6.4.3.jar:6.4.3]
	at org.springframework.web.filter.CompositeFilter$VirtualFilterChain.doFilter(CompositeFilter.java:113) ~[spring-web-6.2.3.jar:6.2.3]
	at org.springframework.web.servlet.handler.HandlerMappingIntrospector.lambda$createCacheFilter$3(HandlerMappingIntrospector.java:243) ~[spring-webmvc-6.2.3.jar:6.2.3]
	at org.springframework.web.filter.CompositeFilter$VirtualFilterChain.doFilter(CompositeFilter.java:113) ~[spring-web-6.2.3.jar:6.2.3]
	at org.springframework.web.filter.CompositeFilter.doFilter(CompositeFilter.java:74) ~[spring-web-6.2.3.jar:6.2.3]
	at org.springframework.security.config.annotation.web.configuration.WebMvcSecurityConfiguration$CompositeFilterChainProxy.doFilter(WebMvcSecurityConfiguration.java:238) ~[spring-security-config-6.4.3.jar:6.4.3]
	at org.springframework.web.filter.DelegatingFilterProxy.invokeDelegate(DelegatingFilterProxy.java:362) ~[spring-web-6.2.3.jar:6.2.3]
	at org.springframework.web.filter.DelegatingFilterProxy.doFilter(DelegatingFilterProxy.java:278) ~[spring-web-6.2.3.jar:6.2.3]
	at org.apache.catalina.core.ApplicationFilterChain.internalDoFilter(ApplicationFilterChain.java:164) ~[tomcat-embed-core-10.1.36.jar:10.1.36]
	at org.apache.catalina.core.ApplicationFilterChain.doFilter(ApplicationFilterChain.java:140) ~[tomcat-embed-core-10.1.36.jar:10.1.36]
	at org.springframework.web.filter.RequestContextFilter.doFilterInternal(RequestContextFilter.java:100) ~[spring-web-6.2.3.jar:6.2.3]
	at org.springframework.web.filter.OncePerRequestFilter.doFilter(OncePerRequestFilter.java:116) ~[spring-web-6.2.3.jar:6.2.3]
	at org.apache.catalina.core.ApplicationFilterChain.internalDoFilter(ApplicationFilterChain.java:164) ~[tomcat-embed-core-10.1.36.jar:10.1.36]
	at org.apache.catalina.core.ApplicationFilterChain.doFilter(ApplicationFilterChain.java:140) ~[tomcat-embed-core-10.1.36.jar:10.1.36]
	at org.springframework.web.filter.FormContentFilter.doFilterInternal(FormContentFilter.java:93) ~[spring-web-6.2.3.jar:6.2.3]
	at org.springframework.web.filter.OncePerRequestFilter.doFilter(OncePerRequestFilter.java:116) ~[spring-web-6.2.3.jar:6.2.3]
	at org.apache.catalina.core.ApplicationFilterChain.internalDoFilter(ApplicationFilterChain.java:164) ~[tomcat-embed-core-10.1.36.jar:10.1.36]
	at org.apache.catalina.core.ApplicationFilterChain.doFilter(ApplicationFilterChain.java:140) ~[tomcat-embed-core-10.1.36.jar:10.1.36]
	at org.springframework.web.filter.ServerHttpObservationFilter.doFilterInternal(ServerHttpObservationFilter.java:114) ~[spring-web-6.2.3.jar:6.2.3]
	at org.springframework.web.filter.OncePerRequestFilter.doFilter(OncePerRequestFilter.java:116) ~[spring-web-6.2.3.jar:6.2.3]
	at org.apache.catalina.core.ApplicationFilterChain.internalDoFilter(ApplicationFilterChain.java:164) ~[tomcat-embed-core-10.1.36.jar:10.1.36]
	at org.apache.catalina.core.ApplicationFilterChain.doFilter(ApplicationFilterChain.java:140) ~[tomcat-embed-core-10.1.36.jar:10.1.36]
	at org.springframework.web.filter.CharacterEncodingFilter.doFilterInternal(CharacterEncodingFilter.java:201) ~[spring-web-6.2.3.jar:6.2.3]
	at org.springframework.web.filter.OncePerRequestFilter.doFilter(OncePerRequestFilter.java:116) ~[spring-web-6.2.3.jar:6.2.3]
	at org.apache.catalina.core.ApplicationFilterChain.internalDoFilter(ApplicationFilterChain.java:164) ~[tomcat-embed-core-10.1.36.jar:10.1.36]
	at org.apache.catalina.core.ApplicationFilterChain.doFilter(ApplicationFilterChain.java:140) ~[tomcat-embed-core-10.1.36.jar:10.1.36]
	at org.apache.catalina.core.StandardWrapperValve.invoke(StandardWrapperValve.java:167) ~[tomcat-embed-core-10.1.36.jar:10.1.36]
	at org.apache.catalina.core.StandardContextValve.invoke(StandardContextValve.java:90) ~[tomcat-embed-core-10.1.36.jar:10.1.36]
	at org.apache.catalina.authenticator.AuthenticatorBase.invoke(AuthenticatorBase.java:483) ~[tomcat-embed-core-10.1.36.jar:10.1.36]
	at org.apache.catalina.core.StandardHostValve.invoke(StandardHostValve.java:115) ~[tomcat-embed-core-10.1.36.jar:10.1.36]
	at org.apache.catalina.valves.ErrorReportValve.invoke(ErrorReportValve.java:93) ~[tomcat-embed-core-10.1.36.jar:10.1.36]
	at org.apache.catalina.core.StandardEngineValve.invoke(StandardEngineValve.java:74) ~[tomcat-embed-core-10.1.36.jar:10.1.36]
	at org.apache.catalina.connector.CoyoteAdapter.service(CoyoteAdapter.java:344) ~[tomcat-embed-core-10.1.36.jar:10.1.36]
	at org.apache.coyote.http11.Http11Processor.service(Http11Processor.java:397) ~[tomcat-embed-core-10.1.36.jar:10.1.36]
	at org.apache.coyote.AbstractProcessorLight.process(AbstractProcessorLight.java:63) ~[tomcat-embed-core-10.1.36.jar:10.1.36]
	at org.apache.coyote.AbstractProtocol$ConnectionHandler.process(AbstractProtocol.java:905) ~[tomcat-embed-core-10.1.36.jar:10.1.36]
	at org.apache.tomcat.util.net.NioEndpoint$SocketProcessor.doRun(NioEndpoint.java:1743) ~[tomcat-embed-core-10.1.36.jar:10.1.36]
	at org.apache.tomcat.util.net.SocketProcessorBase.run(SocketProcessorBase.java:52) ~[tomcat-embed-core-10.1.36.jar:10.1.36]
	at org.apache.tomcat.util.threads.ThreadPoolExecutor.runWorker(ThreadPoolExecutor.java:1190) ~[tomcat-embed-core-10.1.36.jar:10.1.36]
	at org.apache.tomcat.util.threads.ThreadPoolExecutor$Worker.run(ThreadPoolExecutor.java:659) ~[tomcat-embed-core-10.1.36.jar:10.1.36]
	at org.apache.tomcat.util.threads.TaskThread$WrappingRunnable.run(TaskThread.java:63) ~[tomcat-embed-core-10.1.36.jar:10.1.36]
	at java.base/java.lang.Thread.run(Thread.java:1575) ~[na:na]

2025-03-20T21:49:20.804+08:00 ERROR 7212 --- [api] [Test worker] o.s.t.w.reactive.server.ExchangeResult   : Request details for assertion failure:

> POST http://localhost:63071/camera/start-listening
> accept-encoding: [gzip]
> user-agent: [ReactorNetty/1.2.3]
> host: [localhost:63071]
> accept: [*/*]
> WebTestClient-Request-Id: [2]
> Content-Type: [application/x-www-form-urlencoded]
> Content-Length: [70]

camera_secret=ac523711-cb66-4670-99b5-43bb8138aeef&shared_secret=wrong

< 401 UNAUTHORIZED Unauthorized
< Set-Cookie: [JSESSIONID=F19CD24A42582B7E3BA18E4479F6D147; Path=/; HttpOnly]
< X-Content-Type-Options: [nosniff]
< X-XSS-Protection: [0]
< Cache-Control: [no-cache, no-store, max-age=0, must-revalidate]
< Pragma: [no-cache]
< Expires: [0]
< X-Frame-Options: [DENY]
< Content-Type: [application/json;charset=ISO-8859-1]
< Transfer-Encoding: [chunked]
< Date: [Thu, 20 Mar 2025 13:49:20 GMT]

{"error": "Unauthorized access"}

2025-03-20T21:49:21.069+08:00  INFO 7212 --- [api] [SpringApplicationShutdownHook] o.s.b.w.e.tomcat.GracefulShutdown        : Commencing graceful shutdown. Waiting for active requests to complete
2025-03-20T21:49:21.088+08:00  INFO 7212 --- [api] [tomcat-shutdown] o.s.b.w.e.tomcat.GracefulShutdown        : Graceful shutdown complete
2025-03-20T21:57:04.438+08:00  INFO 22716 --- [api] [Test worker] c.t.api.CameraControllerTest             : Starting CameraControllerTest using Java 23.0.2 with PID 22716 (started by Giant in C:\Users\Giant\Desktop\github\school\Term-4-CSD-Team-48\api)
2025-03-20T21:57:04.442+08:00  INFO 22716 --- [api] [Test worker] c.t.api.CameraControllerTest             : No active profile set, falling back to 1 default profile: "default"
2025-03-20T21:57:06.908+08:00  INFO 22716 --- [api] [Test worker] o.s.b.w.embedded.tomcat.TomcatWebServer  : Tomcat initialized with port 0 (http)
2025-03-20T21:57:06.935+08:00  INFO 22716 --- [api] [Test worker] o.apache.catalina.core.StandardService   : Starting service [Tomcat]
2025-03-20T21:57:06.937+08:00  INFO 22716 --- [api] [Test worker] o.apache.catalina.core.StandardEngine    : Starting Servlet engine: [Apache Tomcat/10.1.36]
2025-03-20T21:57:07.118+08:00  INFO 22716 --- [api] [Test worker] o.a.c.c.C.[Tomcat].[localhost].[/]       : Initializing Spring embedded WebApplicationContext
2025-03-20T21:57:07.119+08:00  INFO 22716 --- [api] [Test worker] w.s.c.ServletWebServerApplicationContext : Root WebApplicationContext: initialization completed in 2622 ms
2025-03-20T21:57:07.605+08:00  INFO 22716 --- [api] [cluster-ClusterId{value='67dc1eb3b7d8ab15f6e1eea9', description='Cluster0'}-srv-cluster0.hacfvzo.mongodb.net] org.mongodb.driver.cluster               : Adding discovered server ac-fkstisi-shard-00-01.hacfvzo.mongodb.net:27017 to client view of cluster
2025-03-20T21:57:07.642+08:00  INFO 22716 --- [api] [Test worker] org.mongodb.driver.client                : MongoClient with metadata {"application": {"name": "Cluster0"}, "driver": {"name": "mongo-java-driver|sync", "version": "5.2.1"}, "os": {"type": "Windows", "name": "Windows 11", "architecture": "amd64", "version": "10.0"}, "platform": "Java/Oracle Corporation/23.0.2+7-58"} created with settings MongoClientSettings{readPreference=primary, writeConcern=WriteConcern{w=majority, wTimeout=null ms, journal=null}, retryWrites=true, retryReads=true, readConcern=ReadConcern{level=null}, credential=MongoCredential{mechanism=null, userName='xyfoco', source='admin', password=<hidden>, mechanismProperties=<hidden>}, transportSettings=null, commandListeners=[], codecRegistry=ProvidersCodecRegistry{codecProviders=[ProvidersCodecRegistry{codecProviders=[ValueCodecProvider{}, BsonValueCodecProvider{}, DBRefCodecProvider{}, DBObjectCodecProvider{}, DocumentCodecProvider{}, CollectionCodecProvider{}, IterableCodecProvider{}, MapCodecProvider{}, GeoJsonCodecProvider{}, GridFSFileCodecProvider{}, Jsr310CodecProvider{}, JsonObjectCodecProvider{}, BsonCodecProvider{}, EnumCodecProvider{}, com.mongodb.client.model.mql.ExpressionCodecProvider@333a44f2, com.mongodb.Jep395RecordCodecProvider@2c668c2a, com.mongodb.KotlinCodecProvider@6efd0a6e]}, ProvidersCodecRegistry{codecProviders=[org.bson.codecs.pojo.PojoCodecProvider@51de5efa]}]}, loggerSettings=LoggerSettings{maxDocumentLength=1000}, clusterSettings={hosts=[127.0.0.1:27017], srvHost=cluster0.hacfvzo.mongodb.net, srvServiceName=mongodb, mode=MULTIPLE, requiredClusterType=REPLICA_SET, requiredReplicaSetName='atlas-ej8ug8-shard-0', serverSelector='null', clusterListeners='[]', serverSelectionTimeout='30000 ms', localThreshold='15 ms'}, socketSettings=SocketSettings{connectTimeoutMS=10000, readTimeoutMS=0, receiveBufferSize=0, proxySettings=ProxySettings{host=null, port=null, username=null, password=null}}, heartbeatSocketSettings=SocketSettings{connectTimeoutMS=10000, readTimeoutMS=10000, receiveBufferSize=0, proxySettings=ProxySettings{host=null, port=null, username=null, password=null}}, connectionPoolSettings=ConnectionPoolSettings{maxSize=100, minSize=0, maxWaitTimeMS=120000, maxConnectionLifeTimeMS=0, maxConnectionIdleTimeMS=0, maintenanceInitialDelayMS=0, maintenanceFrequencyMS=60000, connectionPoolListeners=[], maxConnecting=2}, serverSettings=ServerSettings{heartbeatFrequencyMS=10000, minHeartbeatFrequencyMS=500, serverMonitoringMode=AUTO, serverListeners='[]', serverMonitorListeners='[]'}, sslSettings=SslSettings{enabled=true, invalidHostNameAllowed=false, context=null}, applicationName='Cluster0', compressorList=[], uuidRepresentation=UNSPECIFIED, serverApi=ServerApi{version=V1, deprecationErrors=null, strict=null}, autoEncryptionSettings=null, dnsClient=null, inetAddressResolver=null, contextProvider=null, timeoutMS=null}
2025-03-20T21:57:07.650+08:00  INFO 22716 --- [api] [cluster-ClusterId{value='67dc1eb3b7d8ab15f6e1eea9', description='Cluster0'}-srv-cluster0.hacfvzo.mongodb.net] org.mongodb.driver.cluster               : Adding discovered server ac-fkstisi-shard-00-00.hacfvzo.mongodb.net:27017 to client view of cluster
2025-03-20T21:57:07.657+08:00  INFO 22716 --- [api] [cluster-ClusterId{value='67dc1eb3b7d8ab15f6e1eea9', description='Cluster0'}-srv-cluster0.hacfvzo.mongodb.net] org.mongodb.driver.cluster               : Adding discovered server ac-fkstisi-shard-00-02.hacfvzo.mongodb.net:27017 to client view of cluster
2025-03-20T21:57:07.703+08:00  INFO 22716 --- [api] [Test worker] org.mongodb.driver.cluster               : Waiting for server to become available for operation with ID 5. Remaining time: 29981 ms. Selector: ReadPreferenceServerSelector{readPreference=primary}, topology description: {type=REPLICA_SET, servers=[{address=ac-fkstisi-shard-00-01.hacfvzo.mongodb.net:27017, type=UNKNOWN, state=CONNECTING}, {address=ac-fkstisi-shard-00-00.hacfvzo.mongodb.net:27017, type=UNKNOWN, state=CONNECTING}, {address=ac-fkstisi-shard-00-02.hacfvzo.mongodb.net:27017, type=UNKNOWN, state=CONNECTING}].
2025-03-20T21:57:08.679+08:00  INFO 22716 --- [api] [cluster-ClusterId{value='67dc1eb3b7d8ab15f6e1eea9', description='Cluster0'}-ac-fkstisi-shard-00-01.hacfvzo.mongodb.net:27017] org.mongodb.driver.cluster               : Monitor thread successfully connected to server with description ServerDescription{address=ac-fkstisi-shard-00-01.hacfvzo.mongodb.net:27017, type=REPLICA_SET_SECONDARY, cryptd=false, state=CONNECTED, ok=true, minWireVersion=0, maxWireVersion=25, maxDocumentSize=16777216, logicalSessionTimeoutMinutes=30, roundTripTimeNanos=641846900, minRoundTripTimeNanos=0, setName='atlas-ej8ug8-shard-0', canonicalAddress=ac-fkstisi-shard-00-01.hacfvzo.mongodb.net:27017, hosts=[ac-fkstisi-shard-00-02.hacfvzo.mongodb.net:27017, ac-fkstisi-shard-00-01.hacfvzo.mongodb.net:27017, ac-fkstisi-shard-00-00.hacfvzo.mongodb.net:27017], passives=[], arbiters=[], primary='ac-fkstisi-shard-00-02.hacfvzo.mongodb.net:27017', tagSet=TagSet{[Tag{name='availabilityZone', value='apse1-az1'}, Tag{name='diskState', value='READY'}, Tag{name='nodeType', value='ELECTABLE'}, Tag{name='provider', value='AWS'}, Tag{name='region', value='AP_SOUTHEAST_1'}, Tag{name='workloadType', value='OPERATIONAL'}]}, electionId=null, setVersion=31, topologyVersion=TopologyVersion{processId=67db28e0c5dc6db0b9a19d31, counter=3}, lastWriteDate=Thu Mar 20 21:57:06 GMT+08:00 2025, lastUpdateTimeNanos=471587055350000}
2025-03-20T21:57:08.679+08:00  INFO 22716 --- [api] [cluster-ClusterId{value='67dc1eb3b7d8ab15f6e1eea9', description='Cluster0'}-ac-fkstisi-shard-00-02.hacfvzo.mongodb.net:27017] org.mongodb.driver.cluster               : Monitor thread successfully connected to server with description ServerDescription{address=ac-fkstisi-shard-00-02.hacfvzo.mongodb.net:27017, type=REPLICA_SET_PRIMARY, cryptd=false, state=CONNECTED, ok=true, minWireVersion=0, maxWireVersion=25, maxDocumentSize=16777216, logicalSessionTimeoutMinutes=30, roundTripTimeNanos=635079100, minRoundTripTimeNanos=0, setName='atlas-ej8ug8-shard-0', canonicalAddress=ac-fkstisi-shard-00-02.hacfvzo.mongodb.net:27017, hosts=[ac-fkstisi-shard-00-02.hacfvzo.mongodb.net:27017, ac-fkstisi-shard-00-01.hacfvzo.mongodb.net:27017, ac-fkstisi-shard-00-00.hacfvzo.mongodb.net:27017], passives=[], arbiters=[], primary='ac-fkstisi-shard-00-02.hacfvzo.mongodb.net:27017', tagSet=TagSet{[Tag{name='availabilityZone', value='apse1-az3'}, Tag{name='diskState', value='READY'}, Tag{name='nodeType', value='ELECTABLE'}, Tag{name='provider', value='AWS'}, Tag{name='region', value='AP_SOUTHEAST_1'}, Tag{name='workloadType', value='OPERATIONAL'}]}, electionId=7fffffff0000000000000035, setVersion=31, topologyVersion=TopologyVersion{processId=67d3438752f4b25e9ad799de, counter=6}, lastWriteDate=Thu Mar 20 21:57:06 GMT+08:00 2025, lastUpdateTimeNanos=471587055350100}
2025-03-20T21:57:08.679+08:00  INFO 22716 --- [api] [cluster-ClusterId{value='67dc1eb3b7d8ab15f6e1eea9', description='Cluster0'}-ac-fkstisi-shard-00-00.hacfvzo.mongodb.net:27017] org.mongodb.driver.cluster               : Monitor thread successfully connected to server with description ServerDescription{address=ac-fkstisi-shard-00-00.hacfvzo.mongodb.net:27017, type=REPLICA_SET_SECONDARY, cryptd=false, state=CONNECTED, ok=true, minWireVersion=0, maxWireVersion=25, maxDocumentSize=16777216, logicalSessionTimeoutMinutes=30, roundTripTimeNanos=641846900, minRoundTripTimeNanos=0, setName='atlas-ej8ug8-shard-0', canonicalAddress=ac-fkstisi-shard-00-00.hacfvzo.mongodb.net:27017, hosts=[ac-fkstisi-shard-00-02.hacfvzo.mongodb.net:27017, ac-fkstisi-shard-00-01.hacfvzo.mongodb.net:27017, ac-fkstisi-shard-00-00.hacfvzo.mongodb.net:27017], passives=[], arbiters=[], primary='ac-fkstisi-shard-00-02.hacfvzo.mongodb.net:27017', tagSet=TagSet{[Tag{name='availabilityZone', value='apse1-az2'}, Tag{name='diskState', value='READY'}, Tag{name='nodeType', value='ELECTABLE'}, Tag{name='provider', value='AWS'}, Tag{name='region', value='AP_SOUTHEAST_1'}, Tag{name='workloadType', value='OPERATIONAL'}]}, electionId=null, setVersion=31, topologyVersion=TopologyVersion{processId=67d88443c78a3cb9b4a833ae, counter=4}, lastWriteDate=Thu Mar 20 21:57:06 GMT+08:00 2025, lastUpdateTimeNanos=471587055350100}
2025-03-20T21:57:08.683+08:00  INFO 22716 --- [api] [cluster-ClusterId{value='67dc1eb3b7d8ab15f6e1eea9', description='Cluster0'}-ac-fkstisi-shard-00-02.hacfvzo.mongodb.net:27017] org.mongodb.driver.cluster               : Discovered replica set primary ac-fkstisi-shard-00-02.hacfvzo.mongodb.net:27017 with max election id 7fffffff0000000000000035 and max set version 31
2025-03-20T21:57:09.931+08:00  INFO 22716 --- [api] [Test worker] c.t.api.MongoClientConnection            : Pinged your deployment. You successfully connected to MongoDB!
2025-03-20T21:57:10.795+08:00  INFO 22716 --- [api] [Test worker] o.s.b.a.e.web.EndpointLinksResolver      : Exposing 1 endpoint beneath base path '/actuator'
2025-03-20T21:57:11.820+08:00  INFO 22716 --- [api] [Test worker] org.mongodb.driver.client                : MongoClient with metadata {"driver": {"name": "mongo-java-driver|sync|spring-boot", "version": "5.2.1"}, "os": {"type": "Windows", "name": "Windows 11", "architecture": "amd64", "version": "10.0"}, "platform": "Java/Oracle Corporation/23.0.2+7-58"} created with settings MongoClientSettings{readPreference=primary, writeConcern=WriteConcern{w=null, wTimeout=null ms, journal=null}, retryWrites=true, retryReads=true, readConcern=ReadConcern{level=null}, credential=null, transportSettings=null, commandListeners=[io.micrometer.core.instrument.binder.mongodb.MongoMetricsCommandListener@76c587ce], codecRegistry=ProvidersCodecRegistry{codecProviders=[ValueCodecProvider{}, BsonValueCodecProvider{}, DBRefCodecProvider{}, DBObjectCodecProvider{}, DocumentCodecProvider{}, CollectionCodecProvider{}, IterableCodecProvider{}, MapCodecProvider{}, GeoJsonCodecProvider{}, GridFSFileCodecProvider{}, Jsr310CodecProvider{}, JsonObjectCodecProvider{}, BsonCodecProvider{}, EnumCodecProvider{}, com.mongodb.client.model.mql.ExpressionCodecProvider@333a44f2, com.mongodb.Jep395RecordCodecProvider@2c668c2a, com.mongodb.KotlinCodecProvider@6efd0a6e]}, loggerSettings=LoggerSettings{maxDocumentLength=1000}, clusterSettings={hosts=[localhost:27017], srvServiceName=mongodb, mode=SINGLE, requiredClusterType=UNKNOWN, requiredReplicaSetName='null', serverSelector='null', clusterListeners='[]', serverSelectionTimeout='30000 ms', localThreshold='15 ms'}, socketSettings=SocketSettings{connectTimeoutMS=10000, readTimeoutMS=0, receiveBufferSize=0, proxySettings=ProxySettings{host=null, port=null, username=null, password=null}}, heartbeatSocketSettings=SocketSettings{connectTimeoutMS=10000, readTimeoutMS=10000, receiveBufferSize=0, proxySettings=ProxySettings{host=null, port=null, username=null, password=null}}, connectionPoolSettings=ConnectionPoolSettings{maxSize=100, minSize=0, maxWaitTimeMS=120000, maxConnectionLifeTimeMS=0, maxConnectionIdleTimeMS=0, maintenanceInitialDelayMS=0, maintenanceFrequencyMS=60000, connectionPoolListeners=[io.micrometer.core.instrument.binder.mongodb.MongoMetricsConnectionPoolListener@2ae7c1d], maxConnecting=2}, serverSettings=ServerSettings{heartbeatFrequencyMS=10000, minHeartbeatFrequencyMS=500, serverMonitoringMode=AUTO, serverListeners='[]', serverMonitorListeners='[]'}, sslSettings=SslSettings{enabled=false, invalidHostNameAllowed=false, context=null}, applicationName='null', compressorList=[], uuidRepresentation=JAVA_LEGACY, serverApi=null, autoEncryptionSettings=null, dnsClient=null, inetAddressResolver=null, contextProvider=null, timeoutMS=null}
2025-03-20T21:57:11.823+08:00  INFO 22716 --- [api] [cluster-ClusterId{value='67dc1eb7b7d8ab15f6e1eeab', description='null'}-localhost:27017] org.mongodb.driver.cluster               : Exception in monitor thread while connecting to server localhost:27017

com.mongodb.MongoSocketOpenException: Exception opening socket
	at com.mongodb.internal.connection.SocketStream.lambda$open$0(SocketStream.java:85) ~[mongodb-driver-core-5.2.1.jar:na]
	at java.base/java.util.Optional.orElseThrow(Optional.java:403) ~[na:na]
	at com.mongodb.internal.connection.SocketStream.open(SocketStream.java:85) ~[mongodb-driver-core-5.2.1.jar:na]
	at com.mongodb.internal.connection.InternalStreamConnection.open(InternalStreamConnection.java:233) ~[mongodb-driver-core-5.2.1.jar:na]
	at com.mongodb.internal.connection.DefaultServerMonitor$ServerMonitor.lookupServerDescription(DefaultServerMonitor.java:219) ~[mongodb-driver-core-5.2.1.jar:na]
	at com.mongodb.internal.connection.DefaultServerMonitor$ServerMonitor.run(DefaultServerMonitor.java:176) ~[mongodb-driver-core-5.2.1.jar:na]
Caused by: java.net.ConnectException: Connection refused: getsockopt
	at java.base/sun.nio.ch.Net.pollConnect(Native Method) ~[na:na]
	at java.base/sun.nio.ch.Net.pollConnectNow(Net.java:682) ~[na:na]
	at java.base/sun.nio.ch.NioSocketImpl.timedFinishConnect(NioSocketImpl.java:542) ~[na:na]
	at java.base/sun.nio.ch.NioSocketImpl.connect(NioSocketImpl.java:592) ~[na:na]
	at java.base/java.net.SocksSocketImpl.connect(SocksSocketImpl.java:327) ~[na:na]
	at java.base/java.net.Socket.connect(Socket.java:760) ~[na:na]
	at com.mongodb.internal.connection.SocketStreamHelper.initialize(SocketStreamHelper.java:76) ~[mongodb-driver-core-5.2.1.jar:na]
	at com.mongodb.internal.connection.SocketStream.initializeSocket(SocketStream.java:104) ~[mongodb-driver-core-5.2.1.jar:na]
	at com.mongodb.internal.connection.SocketStream.open(SocketStream.java:79) ~[mongodb-driver-core-5.2.1.jar:na]
	... 3 common frames omitted

2025-03-20T21:57:12.085+08:00  INFO 22716 --- [api] [Test worker] o.s.b.w.embedded.tomcat.TomcatWebServer  : Tomcat started on port 63361 (http) with context path '/'
2025-03-20T21:57:12.101+08:00  INFO 22716 --- [api] [Test worker] c.t.api.CameraControllerTest             : Started CameraControllerTest in 8.125 seconds (process running for 10.524)
2025-03-20T21:57:12.221+08:00  INFO 22716 --- [api] [Test worker] c.term_4_csd__50_001.api.ApiApplication  : Let's inspect the beans provided by Spring Boot:
2025-03-20T21:57:12.221+08:00  INFO 22716 --- [api] [Test worker] c.term_4_csd__50_001.api.ApiApplication  : SFC filters
2025-03-20T21:57:12.246+08:00  INFO 22716 --- [api] [Test worker] c.term_4_csd__50_001.api.ApiApplication  : Filter: org.springframework.security.web.session.DisableEncodeUrlFilter
2025-03-20T21:57:12.247+08:00  INFO 22716 --- [api] [Test worker] c.term_4_csd__50_001.api.ApiApplication  : Filter: org.springframework.security.web.session.ForceEagerSessionCreationFilter
2025-03-20T21:57:12.248+08:00  INFO 22716 --- [api] [Test worker] c.term_4_csd__50_001.api.ApiApplication  : Filter: org.springframework.security.web.context.request.async.WebAsyncManagerIntegrationFilter
2025-03-20T21:57:12.248+08:00  INFO 22716 --- [api] [Test worker] c.term_4_csd__50_001.api.ApiApplication  : Filter: org.springframework.security.web.context.SecurityContextHolderFilter
2025-03-20T21:57:12.248+08:00  INFO 22716 --- [api] [Test worker] c.term_4_csd__50_001.api.ApiApplication  : Filter: org.springframework.security.web.header.HeaderWriterFilter
2025-03-20T21:57:12.249+08:00  INFO 22716 --- [api] [Test worker] c.term_4_csd__50_001.api.ApiApplication  : Filter: org.springframework.security.web.authentication.logout.LogoutFilter
2025-03-20T21:57:12.249+08:00  INFO 22716 --- [api] [Test worker] c.term_4_csd__50_001.api.ApiApplication  : Filter: org.springframework.security.web.authentication.UsernamePasswordAuthenticationFilter
2025-03-20T21:57:12.249+08:00  INFO 22716 --- [api] [Test worker] c.term_4_csd__50_001.api.ApiApplication  : Filter: org.springframework.security.web.session.ConcurrentSessionFilter
2025-03-20T21:57:12.249+08:00  INFO 22716 --- [api] [Test worker] c.term_4_csd__50_001.api.ApiApplication  : Filter: org.springframework.security.web.savedrequest.RequestCacheAwareFilter
2025-03-20T21:57:12.250+08:00  INFO 22716 --- [api] [Test worker] c.term_4_csd__50_001.api.ApiApplication  : Filter: org.springframework.security.web.servletapi.SecurityContextHolderAwareRequestFilter
2025-03-20T21:57:12.250+08:00  INFO 22716 --- [api] [Test worker] c.term_4_csd__50_001.api.ApiApplication  : Filter: org.springframework.security.web.authentication.AnonymousAuthenticationFilter
2025-03-20T21:57:12.251+08:00  INFO 22716 --- [api] [Test worker] c.term_4_csd__50_001.api.ApiApplication  : Filter: org.springframework.security.web.session.SessionManagementFilter
2025-03-20T21:57:12.251+08:00  INFO 22716 --- [api] [Test worker] c.term_4_csd__50_001.api.ApiApplication  : Filter: org.springframework.security.web.access.ExceptionTranslationFilter
2025-03-20T21:57:12.251+08:00  INFO 22716 --- [api] [Test worker] c.term_4_csd__50_001.api.ApiApplication  : Filter: org.springframework.security.web.access.intercept.AuthorizationFilter
2025-03-20T21:57:13.814+08:00  INFO 22716 --- [api] [http-nio-auto-1-exec-1] o.a.c.c.C.[Tomcat].[localhost].[/]       : Initializing Spring DispatcherServlet 'dispatcherServlet'
2025-03-20T21:57:13.815+08:00  INFO 22716 --- [api] [http-nio-auto-1-exec-1] o.s.web.servlet.DispatcherServlet        : Initializing Servlet 'dispatcherServlet'
2025-03-20T21:57:13.816+08:00  INFO 22716 --- [api] [http-nio-auto-1-exec-1] o.s.web.servlet.DispatcherServlet        : Completed initialization in 1 ms
2025-03-20T21:57:13.882+08:00  INFO 22716 --- [api] [http-nio-auto-1-exec-1] c.t.api.controllers.CameraController     : Request received at /start-listening
2025-03-20T21:57:13.949+08:00  INFO 22716 --- [api] [http-nio-auto-1-exec-2] c.t.api.controllers.CameraController     : Request received at /start-listening
2025-03-20T21:57:13.959+08:00  INFO 22716 --- [api] [http-nio-auto-1-exec-3] c.t.api.controllers.CameraController     : Request received at /start-listening
2025-03-20T21:57:13.994+08:00  INFO 22716 --- [api] [pool-2-thread-1] c.t.api.services.CameraService           : Netty UDP Server listening on port 5000 at 2025-03-20T21:57:13.994401
2025-03-20T21:57:14.283+08:00  INFO 22716 --- [api] [SpringApplicationShutdownHook] o.s.b.w.e.tomcat.GracefulShutdown        : Commencing graceful shutdown. Waiting for active requests to complete
2025-03-20T21:57:14.300+08:00  INFO 22716 --- [api] [tomcat-shutdown] o.s.b.w.e.tomcat.GracefulShutdown        : Graceful shutdown complete
2025-03-20T22:00:07.954+08:00  INFO 28436 --- [api] [Test worker] c.t.api.AiControllerTest                 : Starting AiControllerTest using Java 23.0.2 with PID 28436 (started by Giant in C:\Users\Giant\Desktop\github\school\Term-4-CSD-Team-48\api)
2025-03-20T22:00:07.956+08:00  INFO 28436 --- [api] [Test worker] c.t.api.AiControllerTest                 : No active profile set, falling back to 1 default profile: "default"
2025-03-20T22:00:10.264+08:00  INFO 28436 --- [api] [Test worker] o.s.b.w.embedded.tomcat.TomcatWebServer  : Tomcat initialized with port 0 (http)
2025-03-20T22:00:10.302+08:00  INFO 28436 --- [api] [Test worker] o.apache.catalina.core.StandardService   : Starting service [Tomcat]
2025-03-20T22:00:10.303+08:00  INFO 28436 --- [api] [Test worker] o.apache.catalina.core.StandardEngine    : Starting Servlet engine: [Apache Tomcat/10.1.36]
2025-03-20T22:00:10.493+08:00  INFO 28436 --- [api] [Test worker] o.a.c.c.C.[Tomcat].[localhost].[/]       : Initializing Spring embedded WebApplicationContext
2025-03-20T22:00:10.494+08:00  INFO 28436 --- [api] [Test worker] w.s.c.ServletWebServerApplicationContext : Root WebApplicationContext: initialization completed in 2512 ms
2025-03-20T22:00:10.921+08:00  INFO 28436 --- [api] [cluster-ClusterId{value='67dc1f6a6c473e0cd1997347', description='Cluster0'}-srv-cluster0.hacfvzo.mongodb.net] org.mongodb.driver.cluster               : Adding discovered server ac-fkstisi-shard-00-01.hacfvzo.mongodb.net:27017 to client view of cluster
2025-03-20T22:00:10.941+08:00  INFO 28436 --- [api] [Test worker] org.mongodb.driver.client                : MongoClient with metadata {"application": {"name": "Cluster0"}, "driver": {"name": "mongo-java-driver|sync", "version": "5.2.1"}, "os": {"type": "Windows", "name": "Windows 11", "architecture": "amd64", "version": "10.0"}, "platform": "Java/Oracle Corporation/23.0.2+7-58"} created with settings MongoClientSettings{readPreference=primary, writeConcern=WriteConcern{w=majority, wTimeout=null ms, journal=null}, retryWrites=true, retryReads=true, readConcern=ReadConcern{level=null}, credential=MongoCredential{mechanism=null, userName='xyfoco', source='admin', password=<hidden>, mechanismProperties=<hidden>}, transportSettings=null, commandListeners=[], codecRegistry=ProvidersCodecRegistry{codecProviders=[ProvidersCodecRegistry{codecProviders=[ValueCodecProvider{}, BsonValueCodecProvider{}, DBRefCodecProvider{}, DBObjectCodecProvider{}, DocumentCodecProvider{}, CollectionCodecProvider{}, IterableCodecProvider{}, MapCodecProvider{}, GeoJsonCodecProvider{}, GridFSFileCodecProvider{}, Jsr310CodecProvider{}, JsonObjectCodecProvider{}, BsonCodecProvider{}, EnumCodecProvider{}, com.mongodb.client.model.mql.ExpressionCodecProvider@67ceeffd, com.mongodb.Jep395RecordCodecProvider@3fc1abf, com.mongodb.KotlinCodecProvider@72001c71]}, ProvidersCodecRegistry{codecProviders=[org.bson.codecs.pojo.PojoCodecProvider@e7b0bec]}]}, loggerSettings=LoggerSettings{maxDocumentLength=1000}, clusterSettings={hosts=[127.0.0.1:27017], srvHost=cluster0.hacfvzo.mongodb.net, srvServiceName=mongodb, mode=MULTIPLE, requiredClusterType=REPLICA_SET, requiredReplicaSetName='atlas-ej8ug8-shard-0', serverSelector='null', clusterListeners='[]', serverSelectionTimeout='30000 ms', localThreshold='15 ms'}, socketSettings=SocketSettings{connectTimeoutMS=10000, readTimeoutMS=0, receiveBufferSize=0, proxySettings=ProxySettings{host=null, port=null, username=null, password=null}}, heartbeatSocketSettings=SocketSettings{connectTimeoutMS=10000, readTimeoutMS=10000, receiveBufferSize=0, proxySettings=ProxySettings{host=null, port=null, username=null, password=null}}, connectionPoolSettings=ConnectionPoolSettings{maxSize=100, minSize=0, maxWaitTimeMS=120000, maxConnectionLifeTimeMS=0, maxConnectionIdleTimeMS=0, maintenanceInitialDelayMS=0, maintenanceFrequencyMS=60000, connectionPoolListeners=[], maxConnecting=2}, serverSettings=ServerSettings{heartbeatFrequencyMS=10000, minHeartbeatFrequencyMS=500, serverMonitoringMode=AUTO, serverListeners='[]', serverMonitorListeners='[]'}, sslSettings=SslSettings{enabled=true, invalidHostNameAllowed=false, context=null}, applicationName='Cluster0', compressorList=[], uuidRepresentation=UNSPECIFIED, serverApi=ServerApi{version=V1, deprecationErrors=null, strict=null}, autoEncryptionSettings=null, dnsClient=null, inetAddressResolver=null, contextProvider=null, timeoutMS=null}
2025-03-20T22:00:10.953+08:00  INFO 28436 --- [api] [cluster-ClusterId{value='67dc1f6a6c473e0cd1997347', description='Cluster0'}-srv-cluster0.hacfvzo.mongodb.net] org.mongodb.driver.cluster               : Adding discovered server ac-fkstisi-shard-00-00.hacfvzo.mongodb.net:27017 to client view of cluster
2025-03-20T22:00:10.957+08:00  INFO 28436 --- [api] [cluster-ClusterId{value='67dc1f6a6c473e0cd1997347', description='Cluster0'}-srv-cluster0.hacfvzo.mongodb.net] org.mongodb.driver.cluster               : Adding discovered server ac-fkstisi-shard-00-02.hacfvzo.mongodb.net:27017 to client view of cluster
2025-03-20T22:00:10.995+08:00  INFO 28436 --- [api] [Test worker] org.mongodb.driver.cluster               : Waiting for server to become available for operation with ID 5. Remaining time: 29984 ms. Selector: ReadPreferenceServerSelector{readPreference=primary}, topology description: {type=REPLICA_SET, servers=[{address=ac-fkstisi-shard-00-01.hacfvzo.mongodb.net:27017, type=UNKNOWN, state=CONNECTING}, {address=ac-fkstisi-shard-00-00.hacfvzo.mongodb.net:27017, type=UNKNOWN, state=CONNECTING}, {address=ac-fkstisi-shard-00-02.hacfvzo.mongodb.net:27017, type=UNKNOWN, state=CONNECTING}].
2025-03-20T22:00:12.002+08:00  INFO 28436 --- [api] [cluster-ClusterId{value='67dc1f6a6c473e0cd1997347', description='Cluster0'}-ac-fkstisi-shard-00-02.hacfvzo.mongodb.net:27017] org.mongodb.driver.cluster               : Monitor thread successfully connected to server with description ServerDescription{address=ac-fkstisi-shard-00-02.hacfvzo.mongodb.net:27017, type=REPLICA_SET_PRIMARY, cryptd=false, state=CONNECTED, ok=true, minWireVersion=0, maxWireVersion=25, maxDocumentSize=16777216, logicalSessionTimeoutMinutes=30, roundTripTimeNanos=661912600, minRoundTripTimeNanos=0, setName='atlas-ej8ug8-shard-0', canonicalAddress=ac-fkstisi-shard-00-02.hacfvzo.mongodb.net:27017, hosts=[ac-fkstisi-shard-00-02.hacfvzo.mongodb.net:27017, ac-fkstisi-shard-00-01.hacfvzo.mongodb.net:27017, ac-fkstisi-shard-00-00.hacfvzo.mongodb.net:27017], passives=[], arbiters=[], primary='ac-fkstisi-shard-00-02.hacfvzo.mongodb.net:27017', tagSet=TagSet{[Tag{name='availabilityZone', value='apse1-az3'}, Tag{name='diskState', value='READY'}, Tag{name='nodeType', value='ELECTABLE'}, Tag{name='provider', value='AWS'}, Tag{name='region', value='AP_SOUTHEAST_1'}, Tag{name='workloadType', value='OPERATIONAL'}]}, electionId=7fffffff0000000000000035, setVersion=31, topologyVersion=TopologyVersion{processId=67d3438752f4b25e9ad799de, counter=6}, lastWriteDate=Thu Mar 20 22:00:09 GMT+08:00 2025, lastUpdateTimeNanos=471770370869000}
2025-03-20T22:00:12.002+08:00  INFO 28436 --- [api] [cluster-ClusterId{value='67dc1f6a6c473e0cd1997347', description='Cluster0'}-ac-fkstisi-shard-00-01.hacfvzo.mongodb.net:27017] org.mongodb.driver.cluster               : Monitor thread successfully connected to server with description ServerDescription{address=ac-fkstisi-shard-00-01.hacfvzo.mongodb.net:27017, type=REPLICA_SET_SECONDARY, cryptd=false, state=CONNECTED, ok=true, minWireVersion=0, maxWireVersion=25, maxDocumentSize=16777216, logicalSessionTimeoutMinutes=30, roundTripTimeNanos=679013400, minRoundTripTimeNanos=0, setName='atlas-ej8ug8-shard-0', canonicalAddress=ac-fkstisi-shard-00-01.hacfvzo.mongodb.net:27017, hosts=[ac-fkstisi-shard-00-02.hacfvzo.mongodb.net:27017, ac-fkstisi-shard-00-01.hacfvzo.mongodb.net:27017, ac-fkstisi-shard-00-00.hacfvzo.mongodb.net:27017], passives=[], arbiters=[], primary='ac-fkstisi-shard-00-02.hacfvzo.mongodb.net:27017', tagSet=TagSet{[Tag{name='availabilityZone', value='apse1-az1'}, Tag{name='diskState', value='READY'}, Tag{name='nodeType', value='ELECTABLE'}, Tag{name='provider', value='AWS'}, Tag{name='region', value='AP_SOUTHEAST_1'}, Tag{name='workloadType', value='OPERATIONAL'}]}, electionId=null, setVersion=31, topologyVersion=TopologyVersion{processId=67db28e0c5dc6db0b9a19d31, counter=3}, lastWriteDate=Thu Mar 20 22:00:09 GMT+08:00 2025, lastUpdateTimeNanos=471770370869000}
2025-03-20T22:00:12.003+08:00  INFO 28436 --- [api] [cluster-ClusterId{value='67dc1f6a6c473e0cd1997347', description='Cluster0'}-ac-fkstisi-shard-00-00.hacfvzo.mongodb.net:27017] org.mongodb.driver.cluster               : Monitor thread successfully connected to server with description ServerDescription{address=ac-fkstisi-shard-00-00.hacfvzo.mongodb.net:27017, type=REPLICA_SET_SECONDARY, cryptd=false, state=CONNECTED, ok=true, minWireVersion=0, maxWireVersion=25, maxDocumentSize=16777216, logicalSessionTimeoutMinutes=30, roundTripTimeNanos=679013600, minRoundTripTimeNanos=0, setName='atlas-ej8ug8-shard-0', canonicalAddress=ac-fkstisi-shard-00-00.hacfvzo.mongodb.net:27017, hosts=[ac-fkstisi-shard-00-02.hacfvzo.mongodb.net:27017, ac-fkstisi-shard-00-01.hacfvzo.mongodb.net:27017, ac-fkstisi-shard-00-00.hacfvzo.mongodb.net:27017], passives=[], arbiters=[], primary='ac-fkstisi-shard-00-02.hacfvzo.mongodb.net:27017', tagSet=TagSet{[Tag{name='availabilityZone', value='apse1-az2'}, Tag{name='diskState', value='READY'}, Tag{name='nodeType', value='ELECTABLE'}, Tag{name='provider', value='AWS'}, Tag{name='region', value='AP_SOUTHEAST_1'}, Tag{name='workloadType', value='OPERATIONAL'}]}, electionId=null, setVersion=31, topologyVersion=TopologyVersion{processId=67d88443c78a3cb9b4a833ae, counter=4}, lastWriteDate=Thu Mar 20 22:00:09 GMT+08:00 2025, lastUpdateTimeNanos=471770370868900}
2025-03-20T22:00:12.019+08:00  INFO 28436 --- [api] [cluster-ClusterId{value='67dc1f6a6c473e0cd1997347', description='Cluster0'}-ac-fkstisi-shard-00-02.hacfvzo.mongodb.net:27017] org.mongodb.driver.cluster               : Discovered replica set primary ac-fkstisi-shard-00-02.hacfvzo.mongodb.net:27017 with max election id 7fffffff0000000000000035 and max set version 31
2025-03-20T22:00:13.180+08:00  INFO 28436 --- [api] [Test worker] c.t.api.MongoClientConnection            : Pinged your deployment. You successfully connected to MongoDB!
2025-03-20T22:00:14.045+08:00  INFO 28436 --- [api] [Test worker] o.s.b.a.e.web.EndpointLinksResolver      : Exposing 1 endpoint beneath base path '/actuator'
2025-03-20T22:00:14.980+08:00  INFO 28436 --- [api] [Test worker] org.mongodb.driver.client                : MongoClient with metadata {"driver": {"name": "mongo-java-driver|sync|spring-boot", "version": "5.2.1"}, "os": {"type": "Windows", "name": "Windows 11", "architecture": "amd64", "version": "10.0"}, "platform": "Java/Oracle Corporation/23.0.2+7-58"} created with settings MongoClientSettings{readPreference=primary, writeConcern=WriteConcern{w=null, wTimeout=null ms, journal=null}, retryWrites=true, retryReads=true, readConcern=ReadConcern{level=null}, credential=null, transportSettings=null, commandListeners=[io.micrometer.core.instrument.binder.mongodb.MongoMetricsCommandListener@67823972], codecRegistry=ProvidersCodecRegistry{codecProviders=[ValueCodecProvider{}, BsonValueCodecProvider{}, DBRefCodecProvider{}, DBObjectCodecProvider{}, DocumentCodecProvider{}, CollectionCodecProvider{}, IterableCodecProvider{}, MapCodecProvider{}, GeoJsonCodecProvider{}, GridFSFileCodecProvider{}, Jsr310CodecProvider{}, JsonObjectCodecProvider{}, BsonCodecProvider{}, EnumCodecProvider{}, com.mongodb.client.model.mql.ExpressionCodecProvider@67ceeffd, com.mongodb.Jep395RecordCodecProvider@3fc1abf, com.mongodb.KotlinCodecProvider@72001c71]}, loggerSettings=LoggerSettings{maxDocumentLength=1000}, clusterSettings={hosts=[localhost:27017], srvServiceName=mongodb, mode=SINGLE, requiredClusterType=UNKNOWN, requiredReplicaSetName='null', serverSelector='null', clusterListeners='[]', serverSelectionTimeout='30000 ms', localThreshold='15 ms'}, socketSettings=SocketSettings{connectTimeoutMS=10000, readTimeoutMS=0, receiveBufferSize=0, proxySettings=ProxySettings{host=null, port=null, username=null, password=null}}, heartbeatSocketSettings=SocketSettings{connectTimeoutMS=10000, readTimeoutMS=10000, receiveBufferSize=0, proxySettings=ProxySettings{host=null, port=null, username=null, password=null}}, connectionPoolSettings=ConnectionPoolSettings{maxSize=100, minSize=0, maxWaitTimeMS=120000, maxConnectionLifeTimeMS=0, maxConnectionIdleTimeMS=0, maintenanceInitialDelayMS=0, maintenanceFrequencyMS=60000, connectionPoolListeners=[io.micrometer.core.instrument.binder.mongodb.MongoMetricsConnectionPoolListener@1f1574c], maxConnecting=2}, serverSettings=ServerSettings{heartbeatFrequencyMS=10000, minHeartbeatFrequencyMS=500, serverMonitoringMode=AUTO, serverListeners='[]', serverMonitorListeners='[]'}, sslSettings=SslSettings{enabled=false, invalidHostNameAllowed=false, context=null}, applicationName='null', compressorList=[], uuidRepresentation=JAVA_LEGACY, serverApi=null, autoEncryptionSettings=null, dnsClient=null, inetAddressResolver=null, contextProvider=null, timeoutMS=null}
2025-03-20T22:00:15.005+08:00  INFO 28436 --- [api] [cluster-ClusterId{value='67dc1f6e6c473e0cd1997349', description='null'}-localhost:27017] org.mongodb.driver.cluster               : Exception in monitor thread while connecting to server localhost:27017

com.mongodb.MongoSocketOpenException: Exception opening socket
	at com.mongodb.internal.connection.SocketStream.lambda$open$0(SocketStream.java:85) ~[mongodb-driver-core-5.2.1.jar:na]
	at java.base/java.util.Optional.orElseThrow(Optional.java:403) ~[na:na]
	at com.mongodb.internal.connection.SocketStream.open(SocketStream.java:85) ~[mongodb-driver-core-5.2.1.jar:na]
	at com.mongodb.internal.connection.InternalStreamConnection.open(InternalStreamConnection.java:233) ~[mongodb-driver-core-5.2.1.jar:na]
	at com.mongodb.internal.connection.DefaultServerMonitor$ServerMonitor.lookupServerDescription(DefaultServerMonitor.java:219) ~[mongodb-driver-core-5.2.1.jar:na]
	at com.mongodb.internal.connection.DefaultServerMonitor$ServerMonitor.run(DefaultServerMonitor.java:176) ~[mongodb-driver-core-5.2.1.jar:na]
Caused by: java.net.ConnectException: Connection refused: getsockopt
	at java.base/sun.nio.ch.Net.pollConnect(Native Method) ~[na:na]
	at java.base/sun.nio.ch.Net.pollConnectNow(Net.java:682) ~[na:na]
	at java.base/sun.nio.ch.NioSocketImpl.timedFinishConnect(NioSocketImpl.java:542) ~[na:na]
	at java.base/sun.nio.ch.NioSocketImpl.connect(NioSocketImpl.java:592) ~[na:na]
	at java.base/java.net.SocksSocketImpl.connect(SocksSocketImpl.java:327) ~[na:na]
	at java.base/java.net.Socket.connect(Socket.java:760) ~[na:na]
	at com.mongodb.internal.connection.SocketStreamHelper.initialize(SocketStreamHelper.java:76) ~[mongodb-driver-core-5.2.1.jar:na]
	at com.mongodb.internal.connection.SocketStream.initializeSocket(SocketStream.java:104) ~[mongodb-driver-core-5.2.1.jar:na]
	at com.mongodb.internal.connection.SocketStream.open(SocketStream.java:79) ~[mongodb-driver-core-5.2.1.jar:na]
	... 3 common frames omitted

2025-03-20T22:00:15.182+08:00  INFO 28436 --- [api] [Test worker] o.s.b.w.embedded.tomcat.TomcatWebServer  : Tomcat started on port 63419 (http) with context path '/'
2025-03-20T22:00:15.195+08:00  INFO 28436 --- [api] [Test worker] c.t.api.AiControllerTest                 : Started AiControllerTest in 7.928 seconds (process running for 10.108)
2025-03-20T22:00:15.309+08:00  INFO 28436 --- [api] [Test worker] c.term_4_csd__50_001.api.ApiApplication  : Let's inspect the beans provided by Spring Boot:
2025-03-20T22:00:15.310+08:00  INFO 28436 --- [api] [Test worker] c.term_4_csd__50_001.api.ApiApplication  : SFC filters
2025-03-20T22:00:15.331+08:00  INFO 28436 --- [api] [Test worker] c.term_4_csd__50_001.api.ApiApplication  : Filter: org.springframework.security.web.session.DisableEncodeUrlFilter
2025-03-20T22:00:15.331+08:00  INFO 28436 --- [api] [Test worker] c.term_4_csd__50_001.api.ApiApplication  : Filter: org.springframework.security.web.session.ForceEagerSessionCreationFilter
2025-03-20T22:00:15.332+08:00  INFO 28436 --- [api] [Test worker] c.term_4_csd__50_001.api.ApiApplication  : Filter: org.springframework.security.web.context.request.async.WebAsyncManagerIntegrationFilter
2025-03-20T22:00:15.332+08:00  INFO 28436 --- [api] [Test worker] c.term_4_csd__50_001.api.ApiApplication  : Filter: org.springframework.security.web.context.SecurityContextHolderFilter
2025-03-20T22:00:15.332+08:00  INFO 28436 --- [api] [Test worker] c.term_4_csd__50_001.api.ApiApplication  : Filter: org.springframework.security.web.header.HeaderWriterFilter
2025-03-20T22:00:15.332+08:00  INFO 28436 --- [api] [Test worker] c.term_4_csd__50_001.api.ApiApplication  : Filter: org.springframework.security.web.authentication.logout.LogoutFilter
2025-03-20T22:00:15.332+08:00  INFO 28436 --- [api] [Test worker] c.term_4_csd__50_001.api.ApiApplication  : Filter: org.springframework.security.web.authentication.UsernamePasswordAuthenticationFilter
2025-03-20T22:00:15.332+08:00  INFO 28436 --- [api] [Test worker] c.term_4_csd__50_001.api.ApiApplication  : Filter: org.springframework.security.web.session.ConcurrentSessionFilter
2025-03-20T22:00:15.333+08:00  INFO 28436 --- [api] [Test worker] c.term_4_csd__50_001.api.ApiApplication  : Filter: org.springframework.security.web.savedrequest.RequestCacheAwareFilter
2025-03-20T22:00:15.333+08:00  INFO 28436 --- [api] [Test worker] c.term_4_csd__50_001.api.ApiApplication  : Filter: org.springframework.security.web.servletapi.SecurityContextHolderAwareRequestFilter
2025-03-20T22:00:15.333+08:00  INFO 28436 --- [api] [Test worker] c.term_4_csd__50_001.api.ApiApplication  : Filter: org.springframework.security.web.authentication.AnonymousAuthenticationFilter
2025-03-20T22:00:15.333+08:00  INFO 28436 --- [api] [Test worker] c.term_4_csd__50_001.api.ApiApplication  : Filter: org.springframework.security.web.session.SessionManagementFilter
2025-03-20T22:00:15.333+08:00  INFO 28436 --- [api] [Test worker] c.term_4_csd__50_001.api.ApiApplication  : Filter: org.springframework.security.web.access.ExceptionTranslationFilter
2025-03-20T22:00:15.334+08:00  INFO 28436 --- [api] [Test worker] c.term_4_csd__50_001.api.ApiApplication  : Filter: org.springframework.security.web.access.intercept.AuthorizationFilter
2025-03-20T22:00:17.275+08:00  INFO 28436 --- [api] [http-nio-auto-1-exec-1] o.a.c.c.C.[Tomcat].[localhost].[/]       : Initializing Spring DispatcherServlet 'dispatcherServlet'
2025-03-20T22:00:17.276+08:00  INFO 28436 --- [api] [http-nio-auto-1-exec-1] o.s.web.servlet.DispatcherServlet        : Initializing Servlet 'dispatcherServlet'
2025-03-20T22:00:17.277+08:00  INFO 28436 --- [api] [http-nio-auto-1-exec-1] o.s.web.servlet.DispatcherServlet        : Completed initialization in 1 ms
2025-03-20T22:00:17.320+08:00  INFO 28436 --- [api] [http-nio-auto-1-exec-1] c.t.api.CustomAuthenticationManager      : Manager authenticating with email (Principal): xyf.oco@gmail.com
(Credentials)
2025-03-20T22:00:17.672+08:00  INFO 28436 --- [api] [http-nio-auto-1-exec-2] c.t.api.controllers.CameraController     : Request received at /start-listening
2025-03-20T22:00:17.696+08:00  INFO 28436 --- [api] [pool-2-thread-1] c.t.api.services.CameraService           : Netty UDP Server listening on port 5000 at 2025-03-20T22:00:17.696287100
2025-03-20T22:00:17.701+08:00  INFO 28436 --- [api] [http-nio-auto-1-exec-3] c.t.api.controllers.AiController         : Received request from 127.0.0.1:63420
2025-03-20T22:00:17.701+08:00  INFO 28436 --- [api] [http-nio-auto-1-exec-3] c.t.api.services.AiService               : Subscribing for 127.0.0.1:63420
2025-03-20T22:00:18.726+08:00 ERROR 28436 --- [api] [pool-3-thread-1] c.t.api.services.AiService               : Error in subscription thread: I/O error on POST request for "http://10.0.0.1:8080/invocations": Connect timed out
2025-03-20T22:00:18.990+08:00  INFO 28436 --- [api] [Test worker] t.c.s.AnnotationConfigContextLoaderUtils : Could not detect default configuration classes for test class [com.term_4_csd__50_001.api.CameraControllerTest]: CameraControllerTest does not declare any static, non-private, non-final, nested classes annotated with @Configuration.
2025-03-20T22:00:18.992+08:00  INFO 28436 --- [api] [Test worker] .b.t.c.SpringBootTestContextBootstrapper : Found @SpringBootConfiguration com.term_4_csd__50_001.api.ApiApplication for test class com.term_4_csd__50_001.api.CameraControllerTest
2025-03-20T22:00:19.181+08:00  INFO 28436 --- [api] [http-nio-auto-1-exec-4] c.t.api.controllers.CameraController     : Request received at /start-listening
2025-03-20T22:00:19.208+08:00  INFO 28436 --- [api] [http-nio-auto-1-exec-5] c.t.api.controllers.CameraController     : Request received at /start-listening
2025-03-20T22:00:19.216+08:00  INFO 28436 --- [api] [http-nio-auto-1-exec-6] c.t.api.controllers.CameraController     : Request received at /start-listening
2025-03-20T22:00:19.518+08:00  INFO 28436 --- [api] [SpringApplicationShutdownHook] o.s.b.w.e.tomcat.GracefulShutdown        : Commencing graceful shutdown. Waiting for active requests to complete
2025-03-20T22:00:19.525+08:00  INFO 28436 --- [api] [tomcat-shutdown] o.s.b.w.e.tomcat.GracefulShutdown        : Graceful shutdown complete
